<component name="libraryTable">
  <library name="junit-4.12">
    <CLASSES>
      <root url="jar://$PROJECT_DIR$/../java1/vip平时作业/笔记/junit-4.12.jar!/" />
      <root url="jar://$PROJECT_DIR$/../java1/vip平时作业/笔记/hamcrest-core-1.3.jar!/" />
    </CLASSES>
    <JAVADOC />
    <SOURCES />
  </library>
</component>